<?xml version="1.0" encoding="UTF-8"?>
<!-- Generated by org.testng.reporters.JUnitXMLReporter -->
<testsuite ignored="0" hostname="SYNPYBRLG02L218" failures="1" tests="5" name="Test" time="0.102" errors="0" timestamp="2023-10-12T10:39:33 IST">
  <testcase classname="Listener.ListenerTestClass" name="test1" time="0.012"/>
  <testcase classname="Listener.ListenerTestClass" name="test2" time="0.02">
    <failure type="java.lang.AssertionError" message="expected [true] but found [false]">
      <![CDATA[java.lang.AssertionError: expected [true] but found [false]
at Listener.ListenerTestClass.test2(ListenerTestClass.java:15)
at java.base/java.util.ArrayList.forEach(ArrayList.java:1511)
... Removed 31 stack frames]]>
    </failure>
  </testcase> <!-- test2 -->
  <testcase classname="Listener.ListenerTestClass" name="test3" time="0.002"/>
  <testcase classname="Listener.ListenerTestClass" name="test4" time="0.001"/>
  <testcase classname="Listener.ListenerTestClass" name="test5" time="0.002"/>
</testsuite> <!-- Test -->
